Using pre-set license

 COMMAND LINE ARGUMENTS:
/Applications/Unity/Hub/Editor/2020.3.8f1/Unity.app/Contents/MacOS/Unity
-adb2
-batchMode
-noUpm
-name
AssetImportWorker0
-projectPath
/Users/alpmac/Documents/Unity Projects/Jam Project
-logFile
Logs/AssetImportWorker0.log
-srvPort
49406
Successfully changed project path to: /Users/alpmac/Documents/Unity Projects/Jam Project
/Users/alpmac/Documents/Unity Projects/Jam Project
Using Asset Import Pipeline V2.
Refreshing native plugins compatible for Editor in 40.34 ms, found 1 plugins.
Preloading 0 native plugins for Editor in 0.00 ms.
Initialize engine version: 2020.3.8f1 (507919d4fff5)
[Subsystems] Discovering subsystems at path /Applications/Unity/Hub/Editor/2020.3.8f1/Unity.app/Contents/Resources/UnitySubsystems
[Subsystems] Discovering subsystems at path /Users/alpmac/Documents/Unity Projects/Jam Project/Assets
GfxDevice: creating device client; threaded=0
2021-06-05 12:47:55.869 Unity[1194:17272] (null) preferred device: Apple M1 (high power)
2021-06-05 12:47:55.869 Unity[1194:17272] Metal devices available: 1
2021-06-05 12:47:55.869 Unity[1194:17272] 0: Apple M1 (high power)
2021-06-05 12:47:55.870 Unity[1194:17272] Using device Apple M1 (high power)
Initializing Metal device caps: Apple M1
Initialize mono
Mono path[0] = '/Applications/Unity/Hub/Editor/2020.3.8f1/Unity.app/Contents/Managed'
Mono path[1] = '/Applications/Unity/Hub/Editor/2020.3.8f1/Unity.app/Contents/MonoBleedingEdge/lib/mono/unityjit'
Mono config path = '/Applications/Unity/Hub/Editor/2020.3.8f1/Unity.app/Contents/MonoBleedingEdge/etc'
Using monoOptions --debugger-agent=transport=dt_socket,embedding=1,server=y,suspend=n,address=127.0.0.1:56194
Begin MonoManager ReloadAssembly
Registering precompiled unity dll's ...
Register platform support module: /Applications/Unity/Hub/Editor/2020.3.8f1/Unity.app/Contents/PlaybackEngines/MacStandaloneSupport/UnityEditor.OSXStandalone.Extensions.dll
Registered in 0.001152 seconds.
Native extension for OSXStandalone target not found
Refreshing native plugins compatible for Editor in 47.70 ms, found 1 plugins.
Preloading 0 native plugins for Editor in 0.00 ms.
Mono: successfully reloaded assembly
- Completed reload, in  3.265 seconds
Platform modules already initialized, skipping
Registering precompiled user dll's ...
Registered in 0.001427 seconds.
Begin MonoManager ReloadAssembly
Native extension for OSXStandalone target not found
Refreshing native plugins compatible for Editor in 44.08 ms, found 1 plugins.
Preloading 0 native plugins for Editor in 0.00 ms.
Mono: successfully reloaded assembly
- Completed reload, in  2.243 seconds
Platform modules already initialized, skipping
========================================================================
Worker process is ready to serve import requests
Shader 'Universal Render Pipeline/Particles/Lit': fallback shader 'Universal Render Pipeline/Particles/SimpleLit' not found
Shader 'Universal Render Pipeline/Particles/Lit': fallback shader 'Universal Render Pipeline/Particles/SimpleLit' not found
Launching external process: /Applications/Unity/Hub/Editor/2020.3.8f1/Unity.app/Contents/Tools/UnityShaderCompiler
Launched and connected shader compiler UnityShaderCompiler after 0.03 seconds
Refreshing native plugins compatible for Editor in 0.32 ms, found 1 plugins.
Preloading 0 native plugins for Editor in 0.00 ms.
Unloading 2420 Unused Serialized files (Serialized files now loaded: 0)
System memory in use before: 174.7 MB.
System memory in use after: 172.0 MB.

Unloading 46 unused Assets to reduce memory usage. Loaded Objects now: 2824.
Total: 3.115959 ms (FindLiveObjects: 0.221750 ms CreateObjectMapping: 0.053083 ms MarkObjects: 1.319292 ms  DeleteObjects: 1.514000 ms)

========================================================================
Received Import Request.
  path: Assets/Readme.asset
  artifactKey: Guid(83c2ed844a8c74b779a4c823d16594b1) Importer(815301076,1909f56bfc062723c751e8b465ee728b)
Start importing Assets/Readme.asset using Guid(83c2ed844a8c74b779a4c823d16594b1) Importer(815301076,1909f56bfc062723c751e8b465ee728b)  -> (artifact id: '8ffd2c44ffeb50c574abb5d0c4453328') in 0.765725 seconds
  Import took 0.769631 seconds .

========================================================================
Received Import Request.
  Time since last request: 16.402407 seconds.
  path: Assets/ExampleAssets
  artifactKey: Guid(990f5c2df70993f4987a388ca178996a) Importer(815301076,1909f56bfc062723c751e8b465ee728b)
Start importing Assets/ExampleAssets using Guid(990f5c2df70993f4987a388ca178996a) Importer(815301076,1909f56bfc062723c751e8b465ee728b)  -> (artifact id: 'd5ac45704b3e904ca5b19a6457cc79ac') in 0.001236 seconds
  Import took 0.009188 seconds .

========================================================================
Received Import Request.
  Time since last request: 0.036654 seconds.
  path: Assets/ExampleAssets
  artifactKey: Guid(990f5c2df70993f4987a388ca178996a) Importer(815301076,1909f56bfc062723c751e8b465ee728b)
Start importing Assets/ExampleAssets using Guid(990f5c2df70993f4987a388ca178996a) Importer(815301076,1909f56bfc062723c751e8b465ee728b)  -> (artifact id: 'd5ac45704b3e904ca5b19a6457cc79ac') in 0.000820 seconds
  Import took 0.004184 seconds .

========================================================================
Received Import Request.
  Time since last request: 1.922497 seconds.
  path: Assets/Scenes
  artifactKey: Guid(d6db2d6f89590487291225a0cf8f99b3) Importer(815301076,1909f56bfc062723c751e8b465ee728b)
Start importing Assets/Scenes using Guid(d6db2d6f89590487291225a0cf8f99b3) Importer(815301076,1909f56bfc062723c751e8b465ee728b)  -> (artifact id: 'fa80aa548c8df001f2a95afd2faaf4c1') in 0.000673 seconds
  Import took 0.003581 seconds .

========================================================================
Received Import Request.
  Time since last request: 12.757471 seconds.
  path: Assets/Scenes/Game Scene.unity
  artifactKey: Guid(3182f42f344f94f8b924cf7b81e97185) Importer(815301076,1909f56bfc062723c751e8b465ee728b)
Start importing Assets/Scenes/Game Scene.unity using Guid(3182f42f344f94f8b924cf7b81e97185) Importer(815301076,1909f56bfc062723c751e8b465ee728b)  -> (artifact id: 'a2bce76e14c66bfc2f3c9af78b2c9552') in 0.003500 seconds
  Import took 0.006687 seconds .

========================================================================
Received Import Request.
  Time since last request: 0.042070 seconds.
  path: Assets/Scenes/Game Scene.unity
  artifactKey: Guid(3182f42f344f94f8b924cf7b81e97185) Importer(815301076,1909f56bfc062723c751e8b465ee728b)
Start importing Assets/Scenes/Game Scene.unity using Guid(3182f42f344f94f8b924cf7b81e97185) Importer(815301076,1909f56bfc062723c751e8b465ee728b)  -> (artifact id: 'a2bce76e14c66bfc2f3c9af78b2c9552') in 0.001624 seconds
  Import took 0.004727 seconds .

========================================================================
Received Import Request.
  Time since last request: 3.503380 seconds.
  path: Assets/Scenes/SampleScene.unity
  artifactKey: Guid(d1c3109bdb54ad54c8a2b2838528e640) Importer(815301076,1909f56bfc062723c751e8b465ee728b)
Start importing Assets/Scenes/SampleScene.unity using Guid(d1c3109bdb54ad54c8a2b2838528e640) Importer(815301076,1909f56bfc062723c751e8b465ee728b)  -> (artifact id: '1a7c01bc8ed57adf1ede3d700e613d7f') in 0.001162 seconds
  Import took 0.004580 seconds .

========================================================================
Received Import Request.
  Time since last request: 0.008828 seconds.
  path: Assets/Scenes/SampleScene.unity
  artifactKey: Guid(d1c3109bdb54ad54c8a2b2838528e640) Importer(815301076,1909f56bfc062723c751e8b465ee728b)
Start importing Assets/Scenes/SampleScene.unity using Guid(d1c3109bdb54ad54c8a2b2838528e640) Importer(815301076,1909f56bfc062723c751e8b465ee728b)  -> (artifact id: '1a7c01bc8ed57adf1ede3d700e613d7f') in 0.001021 seconds
  Import took 0.003974 seconds .

========================================================================
Received Prepare
Registering precompiled user dll's ...
Registered in 0.000610 seconds.
Begin MonoManager ReloadAssembly
Native extension for OSXStandalone target not found
Refreshing native plugins compatible for Editor in 0.34 ms, found 1 plugins.
Preloading 0 native plugins for Editor in 0.00 ms.
Mono: successfully reloaded assembly
- Completed reload, in  1.838 seconds
Platform modules already initialized, skipping
Shader 'Universal Render Pipeline/Particles/Lit': fallback shader 'Universal Render Pipeline/Particles/SimpleLit' not found
Shader 'Universal Render Pipeline/Particles/Lit': fallback shader 'Universal Render Pipeline/Particles/SimpleLit' not found
Refreshing native plugins compatible for Editor in 0.30 ms, found 1 plugins.
Preloading 0 native plugins for Editor in 0.00 ms.
Unloading 2344 Unused Serialized files (Serialized files now loaded: 0)
System memory in use before: 175.6 MB.
System memory in use after: 172.9 MB.

Unloading 43 unused Assets to reduce memory usage. Loaded Objects now: 2825.
Total: 2.671750 ms (FindLiveObjects: 0.166709 ms CreateObjectMapping: 0.045875 ms MarkObjects: 1.158584 ms  DeleteObjects: 1.299792 ms)

========================================================================
Received Import Request.
  Time since last request: 31.846976 seconds.
  path: Assets/Presets
  artifactKey: Guid(558255460b74ec04fa70b5570e9327bd) Importer(815301076,1909f56bfc062723c751e8b465ee728b)
Start importing Assets/Presets using Guid(558255460b74ec04fa70b5570e9327bd) Importer(815301076,1909f56bfc062723c751e8b465ee728b)  -> (artifact id: 'e1966229f3d7993f283b578bcf544b58') in 0.004821 seconds
  Import took 0.007506 seconds .

========================================================================
Received Import Request.
  Time since last request: 0.039876 seconds.
  path: Assets/Presets
  artifactKey: Guid(558255460b74ec04fa70b5570e9327bd) Importer(815301076,1909f56bfc062723c751e8b465ee728b)
Start importing Assets/Presets using Guid(558255460b74ec04fa70b5570e9327bd) Importer(815301076,1909f56bfc062723c751e8b465ee728b)  -> (artifact id: 'e1966229f3d7993f283b578bcf544b58') in 0.000668 seconds
  Import took 0.003148 seconds .

========================================================================
Received Import Request.
  Time since last request: 9.924192 seconds.
  path: Assets/_Main
  artifactKey: Guid(136f34e3bde7d4f0e887278dd82c8c84) Importer(815301076,1909f56bfc062723c751e8b465ee728b)
Start importing Assets/_Main using Guid(136f34e3bde7d4f0e887278dd82c8c84) Importer(815301076,1909f56bfc062723c751e8b465ee728b)  -> (artifact id: '28e1dd5764686f87959b29c35aa95348') in 0.000977 seconds
  Import took 0.003884 seconds .

========================================================================
Received Import Request.
  Time since last request: 11.966661 seconds.
  path: Assets/_Main/Scripts
  artifactKey: Guid(7623927cf0ec54747940468664b7cbcc) Importer(815301076,1909f56bfc062723c751e8b465ee728b)
Start importing Assets/_Main/Scripts using Guid(7623927cf0ec54747940468664b7cbcc) Importer(815301076,1909f56bfc062723c751e8b465ee728b)  -> (artifact id: 'e0dc6171f0abed8587dbe5f8e98f8d5a') in 0.001025 seconds
  Import took 0.003876 seconds .

========================================================================
Received Import Request.
  Time since last request: 4.870749 seconds.
  path: Assets/_Main/3D
  artifactKey: Guid(08e721ff42064499990ce6a45b0781bc) Importer(815301076,1909f56bfc062723c751e8b465ee728b)
Start importing Assets/_Main/3D using Guid(08e721ff42064499990ce6a45b0781bc) Importer(815301076,1909f56bfc062723c751e8b465ee728b)  -> (artifact id: '3b2163f189b08cae13a1c7e42a33beff') in 0.000976 seconds
  Import took 0.003765 seconds .

========================================================================
Received Import Request.
  Time since last request: 5.761685 seconds.
  path: Assets/_Main/2D
  artifactKey: Guid(e9af686d24b054d859c52d88536e5da6) Importer(815301076,1909f56bfc062723c751e8b465ee728b)
Start importing Assets/_Main/2D using Guid(e9af686d24b054d859c52d88536e5da6) Importer(815301076,1909f56bfc062723c751e8b465ee728b)  -> (artifact id: 'b63771409a9ba622c296962b018b60c0') in 0.000978 seconds
  Import took 0.003749 seconds .

========================================================================
Received Import Request.
  Time since last request: 0.001407 seconds.
  path: Assets/_Main/2D
  artifactKey: Guid(e9af686d24b054d859c52d88536e5da6) Importer(815301076,1909f56bfc062723c751e8b465ee728b)
Start importing Assets/_Main/2D using Guid(e9af686d24b054d859c52d88536e5da6) Importer(815301076,1909f56bfc062723c751e8b465ee728b)  -> (artifact id: 'b63771409a9ba622c296962b018b60c0') in 0.000944 seconds
  Import took 0.003822 seconds .

